[debug] [2019-06-02T18:59:06.578Z] ----------------------------------------------------------------------
[debug] [2019-06-02T18:59:06.581Z] Command:       C:\Program Files\nodejs\node.exe C:\Users\l3est\AppData\Roaming\npm\node_modules\firebase-tools\lib\bin\firebase.js deploy
[debug] [2019-06-02T18:59:06.581Z] CLI Version:   6.10.0
[debug] [2019-06-02T18:59:06.581Z] Platform:      win32
[debug] [2019-06-02T18:59:06.581Z] Node Version:  v8.12.0
[debug] [2019-06-02T18:59:06.581Z] Time:          Mon Jun 03 2019 01:59:06 GMT+0700 (SE Asia Standard Time)
[debug] [2019-06-02T18:59:06.582Z] ----------------------------------------------------------------------
[debug] 
[debug] [2019-06-02T18:59:06.595Z] > command requires scopes: ["email","openid","https://www.googleapis.com/auth/cloudplatformprojects.readonly","https://www.googleapis.com/auth/firebase","https://www.googleapis.com/auth/cloud-platform"]
[debug] [2019-06-02T18:59:06.595Z] > authorizing via signed-in user
[debug] [2019-06-02T18:59:06.596Z] [iam] checking project fullstackfulltime-challenge for permissions ["firebase.projects.get","firebasehosting.sites.update"]
[debug] [2019-06-02T18:59:06.598Z] >>> HTTP REQUEST POST https://cloudresourcemanager.googleapis.com/v1/projects/fullstackfulltime-challenge:testIamPermissions  

[debug] [2019-06-02T18:59:07.939Z] <<< HTTP RESPONSE 200
[debug] [2019-06-02T18:59:07.941Z] >>> HTTP REQUEST GET https://firebase.googleapis.com/v1beta1/projects/fullstackfulltime-challenge  
 
[debug] [2019-06-02T18:59:08.354Z] <<< HTTP RESPONSE 200
[info] 
[info] === Deploying to 'fullstackfulltime-challenge'...
[info] 
[info] i  deploying hosting
[debug] [2019-06-02T18:59:08.362Z] >>> HTTP REQUEST POST https://firebasehosting.googleapis.com/v1beta1/sites/fullstackfulltime-challenge/versions  

[debug] [2019-06-02T18:59:19.871Z] <<< HTTP RESPONSE 503
[debug] [2019-06-02T18:59:19.871Z] <<< HTTP RESPONSE BODY
[error] 
[error] Error: HTTP Error: 503, The service is currently unavailable.
[debug] [2019-06-02T18:59:20.033Z] Error Context: {
  "body": {
    "error": {
      "code": 503,
      "message": "The service is currently unavailable.",
      "status": "UNAVAILABLE"
    }
  },
  "response": {
    "statusCode": 503,
    "body": {
      "error": {
        "code": 503,
        "message": "The service is currently unavailable.",
        "status": "UNAVAILABLE"
      }
    },
    "headers": {
      "vary": "X-Origin, Referer, Origin,Accept-Encoding",
      "content-type": "application/json; charset=UTF-8",
      "date": "Sun, 02 Jun 2019 18:59:21 GMT",
      "server": "ESF",
      "cache-control": "private",
      "x-xss-protection": "0",
      "x-frame-options": "SAMEORIGIN",
      "x-content-type-options": "nosniff",
      "alt-svc": "quic=\":443\"; ma=2592000; v=\"46,44,43,39\"",
      "accept-ranges": "none",
      "transfer-encoding": "chunked"
    },
    "request": {
      "uri": {
        "protocol": "https:",
        "slashes": true,
        "auth": null,
        "host": "firebasehosting.googleapis.com",
        "port": 443,
        "hostname": "firebasehosting.googleapis.com",
        "hash": null,
        "search": null,
        "query": null,
        "pathname": "/v1beta1/sites/fullstackfulltime-challenge/versions",
        "path": "/v1beta1/sites/fullstackfulltime-challenge/versions",
        "href": "https://firebasehosting.googleapis.com/v1beta1/sites/fullstackfulltime-challenge/versions"
      },
      "method": "POST"
    }
  }
}
[debug] [2019-06-02T19:01:08.135Z] ----------------------------------------------------------------------
[debug] [2019-06-02T19:01:08.137Z] Command:       C:\Program Files\nodejs\node.exe C:\Users\l3est\AppData\Roaming\npm\node_modules\firebase-tools\lib\bin\firebase.js deploy
[debug] [2019-06-02T19:01:08.138Z] CLI Version:   6.10.0
[debug] [2019-06-02T19:01:08.138Z] Platform:      win32
[debug] [2019-06-02T19:01:08.138Z] Node Version:  v8.12.0
[debug] [2019-06-02T19:01:08.139Z] Time:          Mon Jun 03 2019 02:01:08 GMT+0700 (SE Asia Standard Time)
[debug] [2019-06-02T19:01:08.139Z] ----------------------------------------------------------------------
[debug] 
[debug] [2019-06-02T19:01:08.149Z] > command requires scopes: ["email","openid","https://www.googleapis.com/auth/cloudplatformprojects.readonly","https://www.googleapis.com/auth/firebase","https://www.googleapis.com/auth/cloud-platform"]
[debug] [2019-06-02T19:01:08.150Z] > authorizing via signed-in user
[debug] [2019-06-02T19:01:08.150Z] [iam] checking project fullstackfulltime-challenge for permissions ["firebase.projects.get","firebasehosting.sites.update"]
[debug] [2019-06-02T19:01:08.152Z] >>> HTTP REQUEST POST https://cloudresourcemanager.googleapis.com/v1/projects/fullstackfulltime-challenge:testIamPermissions  

[debug] [2019-06-02T19:01:09.476Z] <<< HTTP RESPONSE 200
[debug] [2019-06-02T19:01:09.478Z] >>> HTTP REQUEST GET https://firebase.googleapis.com/v1beta1/projects/fullstackfulltime-challenge  
 
[debug] [2019-06-02T19:01:09.888Z] <<< HTTP RESPONSE 200
[info] 
[info] === Deploying to 'fullstackfulltime-challenge'...
[info] 
[info] i  deploying hosting
[debug] [2019-06-02T19:01:09.896Z] >>> HTTP REQUEST POST https://firebasehosting.googleapis.com/v1beta1/sites/fullstackfulltime-challenge/versions  

[debug] [2019-06-02T19:01:21.583Z] <<< HTTP RESPONSE 503
[debug] [2019-06-02T19:01:21.583Z] <<< HTTP RESPONSE BODY
[error] 
[error] Error: HTTP Error: 503, The service is currently unavailable.
[debug] [2019-06-02T19:01:21.794Z] Error Context: {
  "body": {
    "error": {
      "code": 503,
      "message": "The service is currently unavailable.",
      "status": "UNAVAILABLE"
    }
  },
  "response": {
    "statusCode": 503,
    "body": {
      "error": {
        "code": 503,
        "message": "The service is currently unavailable.",
        "status": "UNAVAILABLE"
      }
    },
    "headers": {
      "vary": "X-Origin, Referer, Origin,Accept-Encoding",
      "content-type": "application/json; charset=UTF-8",
      "date": "Sun, 02 Jun 2019 19:01:23 GMT",
      "server": "ESF",
      "cache-control": "private",
      "x-xss-protection": "0",
      "x-frame-options": "SAMEORIGIN",
      "x-content-type-options": "nosniff",
      "alt-svc": "quic=\":443\"; ma=2592000; v=\"46,44,43,39\"",
      "accept-ranges": "none",
      "transfer-encoding": "chunked"
    },
    "request": {
      "uri": {
        "protocol": "https:",
        "slashes": true,
        "auth": null,
        "host": "firebasehosting.googleapis.com",
        "port": 443,
        "hostname": "firebasehosting.googleapis.com",
        "hash": null,
        "search": null,
        "query": null,
        "pathname": "/v1beta1/sites/fullstackfulltime-challenge/versions",
        "path": "/v1beta1/sites/fullstackfulltime-challenge/versions",
        "href": "https://firebasehosting.googleapis.com/v1beta1/sites/fullstackfulltime-challenge/versions"
      },
      "method": "POST"
    }
  }
}
[debug] [2019-06-02T19:02:28.981Z] ----------------------------------------------------------------------
[debug] [2019-06-02T19:02:28.984Z] Command:       C:\Program Files\nodejs\node.exe C:\Users\l3est\AppData\Roaming\npm\node_modules\firebase-tools\lib\bin\firebase.js deploy
[debug] [2019-06-02T19:02:28.984Z] CLI Version:   6.10.0
[debug] [2019-06-02T19:02:28.985Z] Platform:      win32
[debug] [2019-06-02T19:02:28.985Z] Node Version:  v8.12.0
[debug] [2019-06-02T19:02:28.985Z] Time:          Mon Jun 03 2019 02:02:28 GMT+0700 (SE Asia Standard Time)
[debug] [2019-06-02T19:02:28.985Z] ----------------------------------------------------------------------
[debug] 
[debug] [2019-06-02T19:02:28.995Z] > command requires scopes: ["email","openid","https://www.googleapis.com/auth/cloudplatformprojects.readonly","https://www.googleapis.com/auth/firebase","https://www.googleapis.com/auth/cloud-platform"]
[debug] [2019-06-02T19:02:28.996Z] > authorizing via signed-in user
[debug] [2019-06-02T19:02:28.996Z] [iam] checking project fullstackfulltime-challenge for permissions ["firebase.projects.get","firebasehosting.sites.update"]
[debug] [2019-06-02T19:02:28.998Z] >>> HTTP REQUEST POST https://cloudresourcemanager.googleapis.com/v1/projects/fullstackfulltime-challenge:testIamPermissions  

[debug] [2019-06-02T19:02:30.336Z] <<< HTTP RESPONSE 200
[debug] [2019-06-02T19:02:30.338Z] >>> HTTP REQUEST GET https://firebase.googleapis.com/v1beta1/projects/fullstackfulltime-challenge  
 
[debug] [2019-06-02T19:02:30.749Z] <<< HTTP RESPONSE 200
[info] 
[info] === Deploying to 'fullstackfulltime-challenge'...
[info] 
[info] i  deploying hosting
[debug] [2019-06-02T19:02:30.757Z] >>> HTTP REQUEST POST https://firebasehosting.googleapis.com/v1beta1/sites/fullstackfulltime-challenge/versions  

[debug] [2019-06-02T19:02:42.329Z] <<< HTTP RESPONSE 503
[debug] [2019-06-02T19:02:42.329Z] <<< HTTP RESPONSE BODY
[error] 
[error] Error: HTTP Error: 503, The service is currently unavailable.
[debug] [2019-06-02T19:02:42.497Z] Error Context: {
  "body": {
    "error": {
      "code": 503,
      "message": "The service is currently unavailable.",
      "status": "UNAVAILABLE"
    }
  },
  "response": {
    "statusCode": 503,
    "body": {
      "error": {
        "code": 503,
        "message": "The service is currently unavailable.",
        "status": "UNAVAILABLE"
      }
    },
    "headers": {
      "vary": "X-Origin, Referer, Origin,Accept-Encoding",
      "content-type": "application/json; charset=UTF-8",
      "date": "Sun, 02 Jun 2019 19:02:43 GMT",
      "server": "ESF",
      "cache-control": "private",
      "x-xss-protection": "0",
      "x-frame-options": "SAMEORIGIN",
      "x-content-type-options": "nosniff",
      "alt-svc": "quic=\":443\"; ma=2592000; v=\"46,44,43,39\"",
      "accept-ranges": "none",
      "transfer-encoding": "chunked"
    },
    "request": {
      "uri": {
        "protocol": "https:",
        "slashes": true,
        "auth": null,
        "host": "firebasehosting.googleapis.com",
        "port": 443,
        "hostname": "firebasehosting.googleapis.com",
        "hash": null,
        "search": null,
        "query": null,
        "pathname": "/v1beta1/sites/fullstackfulltime-challenge/versions",
        "path": "/v1beta1/sites/fullstackfulltime-challenge/versions",
        "href": "https://firebasehosting.googleapis.com/v1beta1/sites/fullstackfulltime-challenge/versions"
      },
      "method": "POST"
    }
  }
}
[debug] [2019-06-02T19:04:01.661Z] ----------------------------------------------------------------------
[debug] [2019-06-02T19:04:01.664Z] Command:       C:\Program Files\nodejs\node.exe C:\Users\l3est\AppData\Roaming\npm\node_modules\firebase-tools\lib\bin\firebase.js deploy
[debug] [2019-06-02T19:04:01.664Z] CLI Version:   6.10.0
[debug] [2019-06-02T19:04:01.664Z] Platform:      win32
[debug] [2019-06-02T19:04:01.664Z] Node Version:  v8.12.0
[debug] [2019-06-02T19:04:01.665Z] Time:          Mon Jun 03 2019 02:04:01 GMT+0700 (SE Asia Standard Time)
[debug] [2019-06-02T19:04:01.665Z] ----------------------------------------------------------------------
[debug] 
[debug] [2019-06-02T19:04:01.673Z] > command requires scopes: ["email","openid","https://www.googleapis.com/auth/cloudplatformprojects.readonly","https://www.googleapis.com/auth/firebase","https://www.googleapis.com/auth/cloud-platform"]
[debug] [2019-06-02T19:04:01.674Z] > authorizing via signed-in user
[debug] [2019-06-02T19:04:01.674Z] [iam] checking project fullstackfulltime-challenge for permissions ["firebase.projects.get","firebasehosting.sites.update"]
[debug] [2019-06-02T19:04:01.676Z] >>> HTTP REQUEST POST https://cloudresourcemanager.googleapis.com/v1/projects/fullstackfulltime-challenge:testIamPermissions  

[debug] [2019-06-02T19:04:03.076Z] <<< HTTP RESPONSE 200
[debug] [2019-06-02T19:04:03.078Z] >>> HTTP REQUEST GET https://firebase.googleapis.com/v1beta1/projects/fullstackfulltime-challenge  
 
[debug] [2019-06-02T19:04:03.598Z] <<< HTTP RESPONSE 200
[info] 
[info] === Deploying to 'fullstackfulltime-challenge'...
[info] 
[info] i  deploying hosting
[debug] [2019-06-02T19:04:03.606Z] >>> HTTP REQUEST POST https://firebasehosting.googleapis.com/v1beta1/sites/fullstackfulltime-challenge/versions  

[debug] [2019-06-02T19:04:15.136Z] <<< HTTP RESPONSE 503
[debug] [2019-06-02T19:04:15.136Z] <<< HTTP RESPONSE BODY
[error] 
[error] Error: HTTP Error: 503, The service is currently unavailable.
[debug] [2019-06-02T19:04:15.305Z] Error Context: {
  "body": {
    "error": {
      "code": 503,
      "message": "The service is currently unavailable.",
      "status": "UNAVAILABLE"
    }
  },
  "response": {
    "statusCode": 503,
    "body": {
      "error": {
        "code": 503,
        "message": "The service is currently unavailable.",
        "status": "UNAVAILABLE"
      }
    },
    "headers": {
      "vary": "X-Origin, Referer, Origin,Accept-Encoding",
      "content-type": "application/json; charset=UTF-8",
      "date": "Sun, 02 Jun 2019 19:04:16 GMT",
      "server": "ESF",
      "cache-control": "private",
      "x-xss-protection": "0",
      "x-frame-options": "SAMEORIGIN",
      "x-content-type-options": "nosniff",
      "alt-svc": "quic=\":443\"; ma=2592000; v=\"46,44,43,39\"",
      "accept-ranges": "none",
      "transfer-encoding": "chunked"
    },
    "request": {
      "uri": {
        "protocol": "https:",
        "slashes": true,
        "auth": null,
        "host": "firebasehosting.googleapis.com",
        "port": 443,
        "hostname": "firebasehosting.googleapis.com",
        "hash": null,
        "search": null,
        "query": null,
        "pathname": "/v1beta1/sites/fullstackfulltime-challenge/versions",
        "path": "/v1beta1/sites/fullstackfulltime-challenge/versions",
        "href": "https://firebasehosting.googleapis.com/v1beta1/sites/fullstackfulltime-challenge/versions"
      },
      "method": "POST"
    }
  }
}
